<?xml version="1.0" encoding="UTF-8"?>
<!-- Generated by org.testng.reporters.JUnitReportReporter -->
<testsuite hostname="Lenovo" failures="0" tests="1" name="com.htc.testPages.LoginTest" time="34.390" errors="0" timestamp="2021-04-17T11:12:50 PDT" skipped="0">
  <testcase classname="com.htc.testPages.LoginTest" name="TestvalidLogin" time="34.390"/>
  <system-out/>
</testsuite> <!-- com.htc.testPages.LoginTest -->
